0 info it worked if it ends with ok
1 verbose cli [ 'node', '/usr/local/bin/npm', 'run', 'test' ]
2 info using npm@2.10.1
3 info using node@v0.12.4
4 verbose run-script [ 'pretest', 'test', 'posttest' ]
5 info pretest blog@1.0.0
6 info test blog@1.0.0
7 verbose unsafe-perm in lifecycle true
8 info blog@1.0.0 Failed to exec test script
9 verbose stack Error: blog@1.0.0 test: `node test/*.js`
9 verbose stack Exit status 1
9 verbose stack     at EventEmitter.<anonymous> (/usr/local/lib/node_modules/npm/lib/utils/lifecycle.js:213:16)
9 verbose stack     at EventEmitter.emit (events.js:110:17)
9 verbose stack     at ChildProcess.<anonymous> (/usr/local/lib/node_modules/npm/lib/utils/spawn.js:24:14)
9 verbose stack     at ChildProcess.emit (events.js:110:17)
9 verbose stack     at maybeClose (child_process.js:1015:16)
9 verbose stack     at Process.ChildProcess._handle.onexit (child_process.js:1087:5)
10 verbose pkgid blog@1.0.0
11 verbose cwd /Users/michellegarrett1/Documents/workshop
12 error Darwin 14.1.1
13 error argv "node" "/usr/local/bin/npm" "run" "test"
14 error node v0.12.4
15 error npm  v2.10.1
16 error code ELIFECYCLE
17 error blog@1.0.0 test: `node test/*.js`
17 error Exit status 1
18 error Failed at the blog@1.0.0 test script 'node test/*.js'.
18 error This is most likely a problem with the blog package,
18 error not with npm itself.
18 error Tell the author that this fails on your system:
18 error     node test/*.js
18 error You can get their info via:
18 error     npm owner ls blog
18 error There is likely additional logging output above.
19 verbose exit [ 1, true ]
